(1011101100001011) -> (ab')'(c'd)', 
(0000000000010000) -> ab'cd, 
(00) -> (aa)'(aa), (aa)(aa)', a'aaa, (a'a)(aa)', aa'aa, (aa')(aa)', aaa'a, (aa)'(a'a), aaaa', (aa)'(aa'), a'a'aa, (a'a')'(aa)', a'aa'a, (a'a)'(a'a), (a'a)(a'a)', a'aaa', (a'a)'(aa'), (a'a)(aa')', aa'a'a, (aa')'(a'a), (aa')(a'a)', aa'aa', (aa')'(aa'), (aa')(aa')', aaa'a', (aa)'(a'a')', a'a'a'a, (a'a')'(a'a), aa'a'a', (aa')(a'a')', a'a'aa', (a'a')'(aa'), a'aa'a', (a'a)(a'a')', (a'a')'(a'a'), (a'a')(a'a')', aa'aa, (a)'(aa), (a)(aa)', a'aa, (a')'(aa)', aa'a, (a)'(a'a), aaa', (a)'(aa'), a'a'a, (a')'(a'a), a'aa', (a')'(aa'), aa'a', (a)'(a'a')', (a')'(a'a'), (a')(a'a')', 
(0000000100000000) -> a'bcd, 
(0000110111011101) -> (a'b')'(cd')', 
(0000000000001000) -> abc'd', 
(1110000000000000) -> (a'b')(cd)', 
(0000000010000000) -> ab'c'd', 
(0000010000000000) -> a'bc'd, 
(00110101) -> (a'b')'(ac')', 
(0101) -> (ab')'(a'b')', (a'b')'(ab')', 
(1101110100001101) -> (ab')'(cd')', 
(0000111000000000) -> (a'b)(cd)', 
(01000000) -> (a'b)'(a'c), a'b'a'c, (a'b')(a'c')', (a)'(b'c), a'b'c, 
(01011100) -> (ab)'(a'c')', 
(1000) -> (aa)'(a'b)', (aa)'(a'b'), (a'a')(a'b)', (aa')'(a'b'), (a'a)'(a'b'), a'a'a'b', (a'b)'(aa)', (a'b')(aa)', (a'b')(a'a)', (a'b')(aa')', (a'b)'(a'a'), a'b'a'a', (a'b')(ab)', (ab)'(a'b'), (a'b')(a'b)', (ab')'(a'b'), (a'b')(ab')', (a'b)'(a'b'), a'b'a'b', (a)'(a'b)', (a')(a'b)', (a)'(a'b'), a'a'b', 
(0000110100000000) -> (a'b)(cd')', 
(0000000011010000) -> (ab')(cd')', 
(1011000010111011) -> (a'b)'(c'd)', 
(00000111) -> (a)(b'c')', (a')'(b'c')', 
(11010000) -> (a)'(bc')', (a')(bc')', 
(0000000000000001) -> abcd, 
(0000000000001011) -> (ab)(c'd)', 
(10110000) -> (a)'(b'c)', (a')(b'c)', 
(00001010) -> (a'b)'(ac'), (a'b')'(ac'), 
(00101111) -> (a'b')'(a'c)', 
(10000000) -> (a'b')(a'c)', (a'b)'(a'c'), a'b'a'c', (a)'(b'c'), a'b'c', 
(0010000000100010) -> (a'b)'(cd'), 
(0000111011101110) -> (a'b')'(cd)', 
(0100000001000100) -> (a'b)'(c'd), 
(0100) -> (aa)'(a'b), (a'a)'(a'b), (aa')'(a'b), (aa)'(a'b')', a'a'a'b, (a'a')(a'b')', (a'b)(aa)', (a'b')'(aa)', (a'b)(a'a)', (a'b)(aa')', a'ba'a', (a'b')'(a'a'), (a'b)(ab)', (ab)'(a'b), a'ba'b, (a'b)(ab')', (ab')'(a'b), (a'b')'(a'b), (a'b)(a'b')', (a)'(a'b), a'a'b, (a)'(a'b')', (a')(a'b')', 
(1001) -> (a'b)'(ab')', (ab')'(a'b)', 
(1110111000001110) -> (ab')'(cd)', 
(0010000000000000) -> a'b'cd', 
(0111011101110000) -> (ab)'(c'd')', 
(0000000001110000) -> (ab')(c'd')', 
(11000101) -> (a'b)'(ac')', 
(0010) -> (aa)(ab)', aaab', (a'a')'(ab)', (a'a)'(ab'), (aa')'(ab'), (a'a')'(ab'), (ab)'(aa), ab'aa, (ab')(a'a)', (ab')(aa')', (ab)'(a'a')', (ab')(a'a')', (ab')(ab)', (ab)'(ab'), (a'b)'(ab'), (ab')(a'b)', ab'ab', (ab')(a'b')', (a'b')'(ab'), (a)(ab)', (a')'(ab)', aab', (a')'(ab'), 
(0111011100000111) -> (ab')'(c'd')', 
(10100000) -> (ab)'(a'c'), (ab')'(a'c'), 
(00011111) -> (a'b')'(a'c')', 
(0001000100010000) -> (ab)'(cd), 
(00000000) -> a'bac, aba'c, a'b'ac, a'bac', ab'a'c, aba'c', ab'a'c', a'b'ac', 
(00111010) -> (a'b')'(ac)', 
(0000010001000100) -> (a'b')'(c'd), 
(1101) -> (a'a)'(ab')', (aa')'(ab')', (ab')'(a'a)', (ab')'(aa')', (ab')'(ab')', 
(01110000) -> (a)'(b'c')', (a')(b'c')', 
(0000000010110000) -> (ab')(c'd)', 
(00001101) -> (a)(bc')', (a')'(bc')', 
(0100000000000000) -> a'b'c'd, 
(1011000000000000) -> (a'b')(c'd)', 
(1010) -> (a'b)'(ab)', (ab)'(a'b)', 
(1101000011011101) -> (a'b)'(cd')', 
(10001111) -> (a'b)'(a'c)', 
(1000100000001000) -> (ab')'(c'd'), 
(00000010) -> (ab)(ac)', abac', (ab')'(ac'), abc', (a')'(bc'), 
(11110010) -> (ab')'(ac)', 
(11110100) -> (ab)'(ac')', 
(0000011101110111) -> (a'b')'(c'd')', 
(0000000000001110) -> (ab)(cd)', 
(0111000000000000) -> (a'b')(c'd')', 
(0000101110111011) -> (a'b')'(c'd)', 
(00001011) -> (a)(b'c)', (a')'(b'c)', 
(1110111011100000) -> (ab)'(cd)', 
(0001000000010001) -> (a'b)'(cd), 
(0100010001000000) -> (ab)'(c'd), 
(11000000) -> (a'b')(ac)', (a'b')(ac')', 
(0000000000000111) -> (ab)(c'd')', 
(0000011100000000) -> (a'b)(c'd')', 
(0010001000000010) -> (ab')'(cd'), 
(1000000000000000) -> a'b'c'd', 
(0000000011100000) -> (ab')(cd)', 
(00001000) -> (ab')(ac)', (ab)'(ac'), ab'ac', ab'c', (a')'(b'c'), 
(0000000000000100) -> abc'd, 
(1000100010000000) -> (ab)'(c'd'), 
(0000000000000010) -> abcd', 
(1011) -> (a'a)'(a'b)', (aa')'(a'b)', (a'b)'(a'a)', (a'b)'(aa')', (a'b)'(a'b)', 
(00001110) -> (a)(bc)', (a')'(bc)', 
(0000000000001101) -> (ab)(cd')', 
(1100) -> (aa)'(ab)', (aa)'(ab')', (a'a')(ab)', (a'a')(ab')', (ab)'(aa)', (ab')'(aa)', (ab)'(a'a'), (ab')'(a'a'), (ab')'(ab)', (ab)'(ab')', (a)'(ab)', (a')(ab)', (a)'(ab')', (a')(ab')', 
(1000000010001000) -> (a'b)'(c'd'), 
(00001100) -> (ab')(a'c)', (ab')(a'c')', 
(0011) -> (aa)(a'b)', (aa)(a'b')', (a'a')'(a'b)', (a'a')'(a'b')', (a'b)'(aa), (a'b')'(aa), (a'b)'(a'a')', (a'b')'(a'a')', (a'b')'(a'b)', (a'b)'(a'b')', (a)(a'b)', (a')'(a'b)', (a)(a'b')', (a')'(a'b')', 
(11111000) -> (ab)'(ac)', 
(1110) -> (a'a)'(ab)', (aa')'(ab)', (ab)'(a'a)', (ab)'(aa')', (ab)'(ab)', 
(11) -> (a'a)'(a'a)', (a'a)'(aa')', (aa')'(a'a)', (aa')'(aa')', 
(0111000001110111) -> (a'b)'(c'd')', 
(00000100) -> (ab)'(ac), ab'ac, (ab')(ac')', ab'c, (a')'(b'c), 
(0110) -> (a'b')'(ab)', (ab)'(a'b')', 
(00010000) -> a'ba'c, (a'b')'(a'c), (a'b)(a'c')', (a)'(bc), a'bc, 
(0010001000100000) -> (ab)'(cd'), 
(11001010) -> (a'b)'(ac)', 
(01010000) -> (ab)'(a'c), (ab')'(a'c), 
(0001) -> aaab, (a'a)'(ab), (aa')'(ab), (aa)(ab')', (a'a')'(ab), (a'a')'(ab')', abaa, (ab')'(aa), (ab)(a'a)', (ab)(aa')', (ab)(a'a')', (ab')'(a'a')', abab, (a'b)'(ab), (ab')'(ab), (ab)(a'b)', (ab)(ab')', (a'b')'(ab), (ab)(a'b')', aab, (a')'(ab), (a)(ab')', (a')'(ab')', 
(11110001) -> (ab')'(ac')', 
(10) -> (aa)'(aa)', (a'a)'(aa)', (aa')'(aa)', (aa)'(a'a)', (aa)'(aa')', (a'a')(aa)', (aa)'(a'a'), (a'a')(a'a)', (aa')'(a'a'), (a'a')(aa')', (a'a)'(a'a'), a'a'a'a', (a)'(aa)', (a')(aa)', (a)'(a'a)', (a)'(aa')', (a')(a'a)', (a')(aa')', (a)'(a'a'), a'a'a', 
(10100011) -> (ab')'(a'c)', 
(0000001000100010) -> (a'b')'(cd'), 
(00110000) -> (a'b)(ac)', (a'b)(ac')', 
(1101000000000000) -> (a'b')(cd')', 
(1110000011101110) -> (a'b)'(cd)', 
(01) -> aaaa, (a'a)'(aa), (aa')'(aa), (aa)(a'a)', (aa)(aa')', (a'a')'(aa), (aa)(a'a')', (a'a')'(a'a)', (aa')'(a'a')', (a'a')'(aa')', (a'a)'(a'a')', (a'a')'(a'a')', aaa, (a')'(aa), (a)(a'a)', (a)(aa')', (a')'(a'a)', (a')'(aa')', (a)(a'a')', (a')'(a'a')', 
(0001000000000000) -> a'b'cd, 
(00000011) -> (ab)(a'c)', (ab)(a'c')', 
(0000100010001000) -> (a'b')'(c'd'), 
(11100000) -> (a)'(bc)', (a')(bc)', 
(01001111) -> (a'b)'(a'c')', 
(0001000100000001) -> (ab')'(cd), 
(0000100000000000) -> a'bc'd', 
(0111) -> (aa')'(a'b')', (a'a)'(a'b')', (a'b')'(a'a)', (a'b')'(aa')', (a'b')'(a'b')', 
(0000001000000000) -> a'bcd', 
(0000000001000000) -> ab'c'd, 
(01010011) -> (ab')'(a'c')', 
(10101100) -> (ab)'(a'c)', 
(1011101110110000) -> (ab)'(c'd)', 
(0000000000100000) -> ab'cd', 
(0100010000000100) -> (ab')'(c'd), 
(0000000100010001) -> (a'b')'(cd), 
(0000) -> (aa)'(ab), a'aab, (a'a)(ab)', (aa')(ab)', aaa'b, (aa)'(ab'), a'a'ab, a'aa'b, (a'a)(a'b)', a'aab', (a'a)(ab')', aa'a'b, (aa')(a'b)', aa'ab', (aa')(ab')', aaa'b', (a'a')'(a'b), aa'a'b', (aa')(a'b')', a'a'ab', a'aa'b', (a'a)(a'b')', (a'a')'(a'b'), (ab)(aa)', a'baa, (ab')(aa)', aba'a, (ab)'(a'a), abaa', (ab)'(aa'), a'b'aa, a'ba'a, (a'b)'(a'a), a'baa', (a'b)'(aa'), ab'a'a, (ab')'(a'a), ab'aa', (ab')'(aa'), aba'a', a'b'a'a, (a'b')'(a'a), ab'a'a', a'b'aa', (a'b')'(aa'), (a'b)(a'a')', (a'b')(a'a')', (ab)'(ab), (ab)(ab)', a'bab, ab'ab, aba'b, abab', a'b'ab, (a'b)'(a'b), (a'b)(a'b)', a'bab', ab'a'b, (ab')'(ab'), (ab')(ab')', aba'b', a'b'a'b, ab'a'b', a'b'ab', a'ba'b', (a'b')'(a'b'), (a'b')(a'b')', (a)'(ab), a'ab, aa'b, (a)'(ab'), (a')'(a'b), a'ab', aa'b', (a')'(a'b'), 
(0000101100000000) -> (a'b)(c'd)', 
(00000101) -> (a'b)'(ac), (a'b')'(ac), 
(00000001) -> abac, (ab')'(ac), (ab)(ac')', abc, (a')'(bc), 
(1101110111010000) -> (ab)'(cd')', 
(00100000) -> (a'b)(a'c)', a'ba'c', (a'b')'(a'c'), (a)'(bc'), a'bc', 
